usr/
usr/lib/
usr/lib/perl5/
usr/lib/perl5/vendor_perl/
usr/lib/perl5/vendor_perl/5.10/
usr/lib/perl5/vendor_perl/5.10/cygwin/
usr/lib/perl5/vendor_perl/5.10/cygwin/auto/
usr/lib/perl5/vendor_perl/5.10/cygwin/auto/libwin32/
usr/lib/perl5/vendor_perl/5.10/cygwin/auto/Win32/
usr/lib/perl5/vendor_perl/5.10/cygwin/auto/Win32/ChangeNotify/
usr/lib/perl5/vendor_perl/5.10/cygwin/auto/Win32/ChangeNotify/ChangeNotify.dll
usr/lib/perl5/vendor_perl/5.10/cygwin/auto/Win32/Clipboard/
usr/lib/perl5/vendor_perl/5.10/cygwin/auto/Win32/Clipboard/Clipboard.dll
usr/lib/perl5/vendor_perl/5.10/cygwin/auto/Win32/Console/
usr/lib/perl5/vendor_perl/5.10/cygwin/auto/Win32/Console/Console.dll
usr/lib/perl5/vendor_perl/5.10/cygwin/auto/Win32/Event/
usr/lib/perl5/vendor_perl/5.10/cygwin/auto/Win32/Event/Event.dll
usr/lib/perl5/vendor_perl/5.10/cygwin/auto/Win32/EventLog/
usr/lib/perl5/vendor_perl/5.10/cygwin/auto/Win32/EventLog/EventLog.dll
usr/lib/perl5/vendor_perl/5.10/cygwin/auto/Win32/File/
usr/lib/perl5/vendor_perl/5.10/cygwin/auto/Win32/File/File.dll
usr/lib/perl5/vendor_perl/5.10/cygwin/auto/Win32/FileSecurity/
usr/lib/perl5/vendor_perl/5.10/cygwin/auto/Win32/FileSecurity/FileSecurity.dll
usr/lib/perl5/vendor_perl/5.10/cygwin/auto/Win32/Internet/
usr/lib/perl5/vendor_perl/5.10/cygwin/auto/Win32/Internet/Internet.dll
usr/lib/perl5/vendor_perl/5.10/cygwin/auto/Win32/IPC/
usr/lib/perl5/vendor_perl/5.10/cygwin/auto/Win32/IPC/IPC.dll
usr/lib/perl5/vendor_perl/5.10/cygwin/auto/Win32/Job/
usr/lib/perl5/vendor_perl/5.10/cygwin/auto/Win32/Job/Job.dll
usr/lib/perl5/vendor_perl/5.10/cygwin/auto/Win32/Mutex/
usr/lib/perl5/vendor_perl/5.10/cygwin/auto/Win32/Mutex/Mutex.dll
usr/lib/perl5/vendor_perl/5.10/cygwin/auto/Win32/NetAdmin/
usr/lib/perl5/vendor_perl/5.10/cygwin/auto/Win32/NetAdmin/NetAdmin.dll
usr/lib/perl5/vendor_perl/5.10/cygwin/auto/Win32/NetResource/
usr/lib/perl5/vendor_perl/5.10/cygwin/auto/Win32/NetResource/autosplit.ix
usr/lib/perl5/vendor_perl/5.10/cygwin/auto/Win32/NetResource/NetResource.dll
usr/lib/perl5/vendor_perl/5.10/cygwin/auto/Win32/ODBC/
usr/lib/perl5/vendor_perl/5.10/cygwin/auto/Win32/ODBC/ODBC.dll
usr/lib/perl5/vendor_perl/5.10/cygwin/auto/Win32/OLE/
usr/lib/perl5/vendor_perl/5.10/cygwin/auto/Win32/OLE/OLE.dll
usr/lib/perl5/vendor_perl/5.10/cygwin/auto/Win32/PerfLib/
usr/lib/perl5/vendor_perl/5.10/cygwin/auto/Win32/PerfLib/autosplit.ix
usr/lib/perl5/vendor_perl/5.10/cygwin/auto/Win32/PerfLib/PerfLib.dll
usr/lib/perl5/vendor_perl/5.10/cygwin/auto/Win32/Pipe/
usr/lib/perl5/vendor_perl/5.10/cygwin/auto/Win32/Pipe/Pipe.dll
usr/lib/perl5/vendor_perl/5.10/cygwin/auto/Win32/Process/
usr/lib/perl5/vendor_perl/5.10/cygwin/auto/Win32/Process/Process.dll
usr/lib/perl5/vendor_perl/5.10/cygwin/auto/Win32/Registry/
usr/lib/perl5/vendor_perl/5.10/cygwin/auto/Win32/Registry/Registry.dll
usr/lib/perl5/vendor_perl/5.10/cygwin/auto/Win32/Semaphore/
usr/lib/perl5/vendor_perl/5.10/cygwin/auto/Win32/Semaphore/Semaphore.dll
usr/lib/perl5/vendor_perl/5.10/cygwin/auto/Win32/Service/
usr/lib/perl5/vendor_perl/5.10/cygwin/auto/Win32/Service/Service.dll
usr/lib/perl5/vendor_perl/5.10/cygwin/auto/Win32/Shortcut/
usr/lib/perl5/vendor_perl/5.10/cygwin/auto/Win32/Shortcut/Shortcut.dll
usr/lib/perl5/vendor_perl/5.10/cygwin/auto/Win32/Sound/
usr/lib/perl5/vendor_perl/5.10/cygwin/auto/Win32/Sound/Sound.dll
usr/lib/perl5/vendor_perl/5.10/cygwin/auto/Win32/WinError/
usr/lib/perl5/vendor_perl/5.10/cygwin/auto/Win32/WinError/WinError.dll
usr/lib/perl5/vendor_perl/5.10/cygwin/auto/Win32API/
usr/lib/perl5/vendor_perl/5.10/cygwin/auto/Win32API/Net/
usr/lib/perl5/vendor_perl/5.10/cygwin/auto/Win32API/Net/Net.dll
usr/lib/perl5/vendor_perl/5.10/cygwin/Bundle/
usr/lib/perl5/vendor_perl/5.10/cygwin/Bundle/libwin32.pm
usr/lib/perl5/vendor_perl/5.10/cygwin/OLE.pm
usr/lib/perl5/vendor_perl/5.10/cygwin/Win32/
usr/lib/perl5/vendor_perl/5.10/cygwin/Win32/ChangeNotify.pm
usr/lib/perl5/vendor_perl/5.10/cygwin/Win32/Client.pl
usr/lib/perl5/vendor_perl/5.10/cygwin/Win32/Clipboard.pm
usr/lib/perl5/vendor_perl/5.10/cygwin/Win32/Console.pm
usr/lib/perl5/vendor_perl/5.10/cygwin/Win32/Event.pm
usr/lib/perl5/vendor_perl/5.10/cygwin/Win32/EventLog.pm
usr/lib/perl5/vendor_perl/5.10/cygwin/Win32/File.pm
usr/lib/perl5/vendor_perl/5.10/cygwin/Win32/FileSecurity.pm
usr/lib/perl5/vendor_perl/5.10/cygwin/Win32/Internet.pm
usr/lib/perl5/vendor_perl/5.10/cygwin/Win32/IPC.pm
usr/lib/perl5/vendor_perl/5.10/cygwin/Win32/Job.pm
usr/lib/perl5/vendor_perl/5.10/cygwin/Win32/Mutex.pm
usr/lib/perl5/vendor_perl/5.10/cygwin/Win32/NetAdmin.pm
usr/lib/perl5/vendor_perl/5.10/cygwin/Win32/NetResource.pm
usr/lib/perl5/vendor_perl/5.10/cygwin/Win32/ODBC.pm
usr/lib/perl5/vendor_perl/5.10/cygwin/Win32/OLE/
usr/lib/perl5/vendor_perl/5.10/cygwin/Win32/OLE/Const.pm
usr/lib/perl5/vendor_perl/5.10/cygwin/Win32/OLE/Enum.pm
usr/lib/perl5/vendor_perl/5.10/cygwin/Win32/OLE/Lite.pm
usr/lib/perl5/vendor_perl/5.10/cygwin/Win32/OLE/NEWS.pod
usr/lib/perl5/vendor_perl/5.10/cygwin/Win32/OLE/NLS.pm
usr/lib/perl5/vendor_perl/5.10/cygwin/Win32/OLE/TPJ.pod
usr/lib/perl5/vendor_perl/5.10/cygwin/Win32/OLE/TypeInfo.pm
usr/lib/perl5/vendor_perl/5.10/cygwin/Win32/OLE/Variant.pm
usr/lib/perl5/vendor_perl/5.10/cygwin/Win32/OLE.pm
usr/lib/perl5/vendor_perl/5.10/cygwin/Win32/PerfLib.pm
usr/lib/perl5/vendor_perl/5.10/cygwin/Win32/Pipe.pm
usr/lib/perl5/vendor_perl/5.10/cygwin/Win32/Process.pm
usr/lib/perl5/vendor_perl/5.10/cygwin/Win32/Registry.pm
usr/lib/perl5/vendor_perl/5.10/cygwin/Win32/Semaphore.pm
usr/lib/perl5/vendor_perl/5.10/cygwin/Win32/Server.pl
usr/lib/perl5/vendor_perl/5.10/cygwin/Win32/Service.pm
usr/lib/perl5/vendor_perl/5.10/cygwin/Win32/Shortcut.pm
usr/lib/perl5/vendor_perl/5.10/cygwin/Win32/Sound.pm
usr/lib/perl5/vendor_perl/5.10/cygwin/Win32/test-async.pl
usr/lib/perl5/vendor_perl/5.10/cygwin/Win32/Test.pl
usr/lib/perl5/vendor_perl/5.10/cygwin/Win32/TieRegistry.pm
usr/lib/perl5/vendor_perl/5.10/cygwin/Win32/WinError.pm
usr/lib/perl5/vendor_perl/5.10/cygwin/Win32API/
usr/lib/perl5/vendor_perl/5.10/cygwin/Win32API/Net.pm
usr/share/
usr/share/doc/
usr/share/doc/Cygwin/
usr/share/doc/Cygwin/perl-libwin32-0.28.README
usr/share/doc/perl-libwin32-0.28/
usr/share/doc/perl-libwin32-0.28/APINet/
usr/share/doc/perl-libwin32-0.28/APINet/Changes
usr/share/doc/perl-libwin32-0.28/APINet/tests/
usr/share/doc/perl-libwin32-0.28/APINet/tests/test.pl
usr/share/doc/perl-libwin32-0.28/blib/
usr/share/doc/perl-libwin32-0.28/blib/lib/
usr/share/doc/perl-libwin32-0.28/blib/lib/Win32/
usr/share/doc/perl-libwin32-0.28/blib/lib/Win32/Client.pl
usr/share/doc/perl-libwin32-0.28/blib/lib/Win32/Server.pl
usr/share/doc/perl-libwin32-0.28/blib/lib/Win32/test-async.pl
usr/share/doc/perl-libwin32-0.28/blib/lib/Win32/Test.pl
usr/share/doc/perl-libwin32-0.28/ChangeNotify/
usr/share/doc/perl-libwin32-0.28/ChangeNotify/Changes
usr/share/doc/perl-libwin32-0.28/ChangeNotify/test.pl
usr/share/doc/perl-libwin32-0.28/Changes
usr/share/doc/perl-libwin32-0.28/Clipboard/
usr/share/doc/perl-libwin32-0.28/Clipboard/README
usr/share/doc/perl-libwin32-0.28/Clipboard/samples/
usr/share/doc/perl-libwin32-0.28/Clipboard/samples/bitmap.pl
usr/share/doc/perl-libwin32-0.28/Clipboard/samples/monitor.pl
usr/share/doc/perl-libwin32-0.28/Clipboard/samples/test-tie.pl
usr/share/doc/perl-libwin32-0.28/Clipboard/samples/test.pl
usr/share/doc/perl-libwin32-0.28/Clipboard/tests/
usr/share/doc/perl-libwin32-0.28/Clipboard/tests/test.pl
usr/share/doc/perl-libwin32-0.28/Console/
usr/share/doc/perl-libwin32-0.28/Console/Changes
usr/share/doc/perl-libwin32-0.28/Console/docs/
usr/share/doc/perl-libwin32-0.28/Console/docs/index.html
usr/share/doc/perl-libwin32-0.28/Console/docs/intro.html
usr/share/doc/perl-libwin32-0.28/Console/docs/license.html
usr/share/doc/perl-libwin32-0.28/Console/docs/reference.html
usr/share/doc/perl-libwin32-0.28/Console/docs/toc.html
usr/share/doc/perl-libwin32-0.28/Console/README
usr/share/doc/perl-libwin32-0.28/Console/test.pl
usr/share/doc/perl-libwin32-0.28/Event/
usr/share/doc/perl-libwin32-0.28/Event/Changes
usr/share/doc/perl-libwin32-0.28/Event/test.pl
usr/share/doc/perl-libwin32-0.28/EventLog/
usr/share/doc/perl-libwin32-0.28/EventLog/Changes
usr/share/doc/perl-libwin32-0.28/EventLog/tests/
usr/share/doc/perl-libwin32-0.28/EventLog/tests/eventlog.pl
usr/share/doc/perl-libwin32-0.28/File/
usr/share/doc/perl-libwin32-0.28/File/Changes
usr/share/doc/perl-libwin32-0.28/File/tests/
usr/share/doc/perl-libwin32-0.28/File/tests/file.pl
usr/share/doc/perl-libwin32-0.28/FileSecurity/
usr/share/doc/perl-libwin32-0.28/FileSecurity/Changes
usr/share/doc/perl-libwin32-0.28/FileSecurity/test.pl
usr/share/doc/perl-libwin32-0.28/Internet/
usr/share/doc/perl-libwin32-0.28/Internet/docs/
usr/share/doc/perl-libwin32-0.28/Internet/docs/append.html
usr/share/doc/perl-libwin32-0.28/Internet/docs/index.html
usr/share/doc/perl-libwin32-0.28/Internet/docs/intro.html
usr/share/doc/perl-libwin32-0.28/Internet/docs/license.html
usr/share/doc/perl-libwin32-0.28/Internet/docs/reference.html
usr/share/doc/perl-libwin32-0.28/Internet/docs/toc.html
usr/share/doc/perl-libwin32-0.28/Internet/README
usr/share/doc/perl-libwin32-0.28/Internet/test-async.pl
usr/share/doc/perl-libwin32-0.28/Internet/test.pl
usr/share/doc/perl-libwin32-0.28/IPC/
usr/share/doc/perl-libwin32-0.28/IPC/Changes
usr/share/doc/perl-libwin32-0.28/IPC/test.pl
usr/share/doc/perl-libwin32-0.28/Job/
usr/share/doc/perl-libwin32-0.28/Job/child.pl
usr/share/doc/perl-libwin32-0.28/Job/test.pl
usr/share/doc/perl-libwin32-0.28/Mutex/
usr/share/doc/perl-libwin32-0.28/Mutex/Changes
usr/share/doc/perl-libwin32-0.28/Mutex/test.pl
usr/share/doc/perl-libwin32-0.28/NetAdmin/
usr/share/doc/perl-libwin32-0.28/NetAdmin/Changes
usr/share/doc/perl-libwin32-0.28/NetAdmin/tests/
usr/share/doc/perl-libwin32-0.28/NetAdmin/tests/netadmin.pl
usr/share/doc/perl-libwin32-0.28/NetResource/
usr/share/doc/perl-libwin32-0.28/NetResource/Changes
usr/share/doc/perl-libwin32-0.28/NetResource/tests/
usr/share/doc/perl-libwin32-0.28/NetResource/tests/netresource.pl
usr/share/doc/perl-libwin32-0.28/ODBC/
usr/share/doc/perl-libwin32-0.28/ODBC/blib/
usr/share/doc/perl-libwin32-0.28/ODBC/blib/lib/
usr/share/doc/perl-libwin32-0.28/ODBC/blib/lib/Win32/
usr/share/doc/perl-libwin32-0.28/ODBC/blib/lib/Win32/Test.pl
usr/share/doc/perl-libwin32-0.28/ODBC/docs/
usr/share/doc/perl-libwin32-0.28/ODBC/docs/object.html
usr/share/doc/perl-libwin32-0.28/ODBC/docs/odbc.html
usr/share/doc/perl-libwin32-0.28/ODBC/Test.pl
usr/share/doc/perl-libwin32-0.28/OLE/
usr/share/doc/perl-libwin32-0.28/OLE/Changes
usr/share/doc/perl-libwin32-0.28/OLE/eg/
usr/share/doc/perl-libwin32-0.28/OLE/eg/constants.pl
usr/share/doc/perl-libwin32-0.28/OLE/eg/properties.pl
usr/share/doc/perl-libwin32-0.28/OLE/eg/tpj.pl
usr/share/doc/perl-libwin32-0.28/OLE/eg/typelibs.pl
usr/share/doc/perl-libwin32-0.28/OLE/eg/word2pod.pl
usr/share/doc/perl-libwin32-0.28/OLE/eg/word2xxx.pl
usr/share/doc/perl-libwin32-0.28/OLE/NEWS.pod
usr/share/doc/perl-libwin32-0.28/OLE/README
usr/share/doc/perl-libwin32-0.28/OLE/tests/
usr/share/doc/perl-libwin32-0.28/OLE/tests/1_nls.pl
usr/share/doc/perl-libwin32-0.28/OLE/tests/2_variant.pl
usr/share/doc/perl-libwin32-0.28/OLE/tests/3_ole.pl
usr/share/doc/perl-libwin32-0.28/OLE/tests/4_compat.pl
usr/share/doc/perl-libwin32-0.28/OLE/tests/5_unicode.pl
usr/share/doc/perl-libwin32-0.28/OLE/tests/6_event.pl
usr/share/doc/perl-libwin32-0.28/OLE/tests/7_overload.pl
usr/share/doc/perl-libwin32-0.28/OLE/ToDo
usr/share/doc/perl-libwin32-0.28/OLE/TPJ.pod
usr/share/doc/perl-libwin32-0.28/PerfLib/
usr/share/doc/perl-libwin32-0.28/PerfLib/Changes
usr/share/doc/perl-libwin32-0.28/PerfLib/test.pl
usr/share/doc/perl-libwin32-0.28/Pipe/
usr/share/doc/perl-libwin32-0.28/Pipe/Client.pl
usr/share/doc/perl-libwin32-0.28/Pipe/README
usr/share/doc/perl-libwin32-0.28/Pipe/Server.pl
usr/share/doc/perl-libwin32-0.28/Pipe/test.bat
usr/share/doc/perl-libwin32-0.28/Process/
usr/share/doc/perl-libwin32-0.28/Process/Changes
usr/share/doc/perl-libwin32-0.28/Process/test.pl
usr/share/doc/perl-libwin32-0.28/README
usr/share/doc/perl-libwin32-0.28/Registry/
usr/share/doc/perl-libwin32-0.28/Registry/Changes
usr/share/doc/perl-libwin32-0.28/Registry/eg/
usr/share/doc/perl-libwin32-0.28/Registry/eg/iis_install.pl
usr/share/doc/perl-libwin32-0.28/Registry/eg/remote.pl
usr/share/doc/perl-libwin32-0.28/Registry/tests/
usr/share/doc/perl-libwin32-0.28/Registry/tests/registry.pl
usr/share/doc/perl-libwin32-0.28/Semaphore/
usr/share/doc/perl-libwin32-0.28/Semaphore/Changes
usr/share/doc/perl-libwin32-0.28/Semaphore/test.pl
usr/share/doc/perl-libwin32-0.28/Service/
usr/share/doc/perl-libwin32-0.28/Service/Changes
usr/share/doc/perl-libwin32-0.28/Service/tests/
usr/share/doc/perl-libwin32-0.28/Service/tests/service.pl
usr/share/doc/perl-libwin32-0.28/Shortcut/
usr/share/doc/perl-libwin32-0.28/Shortcut/Changes
usr/share/doc/perl-libwin32-0.28/Shortcut/docs/
usr/share/doc/perl-libwin32-0.28/Shortcut/docs/index.html
usr/share/doc/perl-libwin32-0.28/Shortcut/docs/intro.html
usr/share/doc/perl-libwin32-0.28/Shortcut/docs/license.html
usr/share/doc/perl-libwin32-0.28/Shortcut/docs/reference.html
usr/share/doc/perl-libwin32-0.28/Shortcut/docs/toc.html
usr/share/doc/perl-libwin32-0.28/Shortcut/ln32.bat
usr/share/doc/perl-libwin32-0.28/Shortcut/README
usr/share/doc/perl-libwin32-0.28/Shortcut/test.pl
usr/share/doc/perl-libwin32-0.28/Sound/
usr/share/doc/perl-libwin32-0.28/Sound/README
usr/share/doc/perl-libwin32-0.28/Sound/samples/
usr/share/doc/perl-libwin32-0.28/Sound/samples/devices.pl
usr/share/doc/perl-libwin32-0.28/Sound/samples/format.pl
usr/share/doc/perl-libwin32-0.28/Sound/samples/sinus.pl
usr/share/doc/perl-libwin32-0.28/Sound/samples/welcome.wav
usr/share/doc/perl-libwin32-0.28/Sound/test.pl
usr/share/doc/perl-libwin32-0.28/TODO
usr/share/doc/perl-libwin32-0.28/Win32-TieRegistry-0.25/
usr/share/doc/perl-libwin32-0.28/Win32-TieRegistry-0.25/Changes
usr/share/doc/perl-libwin32-0.28/Win32-TieRegistry-0.25/README
usr/share/doc/perl-libwin32-0.28/Win32-TieRegistry-0.25/test.pl
usr/share/doc/perl-libwin32-0.28/Win32API-Registry-0.28/
usr/share/doc/perl-libwin32-0.28/Win32API-Registry-0.28/Changes
usr/share/doc/perl-libwin32-0.28/Win32API-Registry-0.28/README
usr/share/doc/perl-libwin32-0.28/Win32API-Registry-0.28/test.pl
usr/share/doc/perl-libwin32-0.28/WinError/
usr/share/doc/perl-libwin32-0.28/WinError/Changes
usr/share/man/
usr/share/man/man1/
usr/share/man/man3/
usr/share/man/man3/Bundle.libwin32.3pm.gz
